2025-12-16 02:07:16,570 - INFO - Results saved to /home/users/ntu/yzheng05/workspace/A-mem/res/A_mem_job_001_sglang_2025_12_15_2019.json
2025-12-16 02:07:16,570 - INFO - 
Evaluation Summary:
2025-12-16 02:07:16,570 - INFO - Total questions evaluated: 1986
2025-12-16 02:07:16,570 - INFO - 
Category Distribution:
2025-12-16 02:07:16,570 - INFO - Category 1: 282 questions (14.2%)
2025-12-16 02:07:16,571 - INFO - Category 2: 321 questions (16.2%)
2025-12-16 02:07:16,571 - INFO - Category 3: 96 questions (4.8%)
2025-12-16 02:07:16,571 - INFO - Category 4: 841 questions (42.3%)
2025-12-16 02:07:16,571 - INFO - Category 5: 446 questions (22.5%)
2025-12-16 02:07:16,571 - INFO - 
Aggregate Metrics:
2025-12-16 02:07:16,571 - INFO - 
Overall:
2025-12-16 02:07:16,571 - INFO -   exact_match:
2025-12-16 02:07:16,571 - INFO -     mean: 0.0901
2025-12-16 02:07:16,571 - INFO -     std: 0.2864
2025-12-16 02:07:16,571 - INFO -     median: 0.0000
2025-12-16 02:07:16,571 - INFO -     min: 0.0000
2025-12-16 02:07:16,571 - INFO -     max: 1.0000
2025-12-16 02:07:16,571 - INFO -     count: 1986.0000
2025-12-16 02:07:16,571 - INFO -   f1:
2025-12-16 02:07:16,571 - INFO -     mean: 0.2228
2025-12-16 02:07:16,571 - INFO -     std: 0.3368
2025-12-16 02:07:16,571 - INFO -     median: 0.0000
2025-12-16 02:07:16,571 - INFO -     min: 0.0000
2025-12-16 02:07:16,571 - INFO -     max: 1.0000
2025-12-16 02:07:16,571 - INFO -     count: 1986.0000
2025-12-16 02:07:16,571 - INFO -   rouge1_f:
2025-12-16 02:07:16,571 - INFO -     mean: 0.2337
2025-12-16 02:07:16,572 - INFO -     std: 0.3404
2025-12-16 02:07:16,572 - INFO -     median: 0.0000
2025-12-16 02:07:16,572 - INFO -     min: 0.0000
2025-12-16 02:07:16,572 - INFO -     max: 1.0000
2025-12-16 02:07:16,572 - INFO -     count: 1986.0000
2025-12-16 02:07:16,572 - INFO -   rouge2_f:
2025-12-16 02:07:16,572 - INFO -     mean: 0.1345
2025-12-16 02:07:16,572 - INFO -     std: 0.2974
2025-12-16 02:07:16,572 - INFO -     median: 0.0000
2025-12-16 02:07:16,572 - INFO -     min: 0.0000
2025-12-16 02:07:16,572 - INFO -     max: 1.0000
2025-12-16 02:07:16,572 - INFO -     count: 1986.0000
2025-12-16 02:07:16,572 - INFO -   rougeL_f:
2025-12-16 02:07:16,572 - INFO -     mean: 0.2283
2025-12-16 02:07:16,572 - INFO -     std: 0.3379
2025-12-16 02:07:16,572 - INFO -     median: 0.0000
2025-12-16 02:07:16,572 - INFO -     min: 0.0000
2025-12-16 02:07:16,572 - INFO -     max: 1.0000
2025-12-16 02:07:16,572 - INFO -     count: 1986.0000
2025-12-16 02:07:16,572 - INFO -   bleu1:
2025-12-16 02:07:16,572 - INFO -     mean: 0.1898
2025-12-16 02:07:16,572 - INFO -     std: 0.3161
2025-12-16 02:07:16,572 - INFO -     median: 0.0000
2025-12-16 02:07:16,572 - INFO -     min: 0.0000
2025-12-16 02:07:16,573 - INFO -     max: 1.0000
2025-12-16 02:07:16,573 - INFO -     count: 1986.0000
2025-12-16 02:07:16,573 - INFO -   bleu2:
2025-12-16 02:07:16,573 - INFO -     mean: 0.1422
2025-12-16 02:07:16,573 - INFO -     std: 0.2783
2025-12-16 02:07:16,573 - INFO -     median: 0.0000
2025-12-16 02:07:16,573 - INFO -     min: 0.0000
2025-12-16 02:07:16,573 - INFO -     max: 1.0000
2025-12-16 02:07:16,573 - INFO -     count: 1986.0000
2025-12-16 02:07:16,573 - INFO -   bleu3:
2025-12-16 02:07:16,573 - INFO -     mean: 0.1115
2025-12-16 02:07:16,573 - INFO -     std: 0.2416
2025-12-16 02:07:16,573 - INFO -     median: 0.0000
2025-12-16 02:07:16,573 - INFO -     min: 0.0000
2025-12-16 02:07:16,573 - INFO -     max: 1.0000
2025-12-16 02:07:16,573 - INFO -     count: 1986.0000
2025-12-16 02:07:16,573 - INFO -   bleu4:
2025-12-16 02:07:16,573 - INFO -     mean: 0.0887
2025-12-16 02:07:16,573 - INFO -     std: 0.2041
2025-12-16 02:07:16,573 - INFO -     median: 0.0000
2025-12-16 02:07:16,573 - INFO -     min: 0.0000
2025-12-16 02:07:16,573 - INFO -     max: 1.0000
2025-12-16 02:07:16,573 - INFO -     count: 1986.0000
2025-12-16 02:07:16,574 - INFO -   bert_precision:
2025-12-16 02:07:16,574 - INFO -     mean: 0.8851
2025-12-16 02:07:16,574 - INFO -     std: 0.0558
2025-12-16 02:07:16,574 - INFO -     median: 0.8724
2025-12-16 02:07:16,574 - INFO -     min: 0.7364
2025-12-16 02:07:16,574 - INFO -     max: 1.0000
2025-12-16 02:07:16,574 - INFO -     count: 1984.0000
2025-12-16 02:07:16,574 - INFO -   bert_recall:
2025-12-16 02:07:16,574 - INFO -     mean: 0.8687
2025-12-16 02:07:16,574 - INFO -     std: 0.0684
2025-12-16 02:07:16,574 - INFO -     median: 0.8561
2025-12-16 02:07:16,574 - INFO -     min: 0.6958
2025-12-16 02:07:16,574 - INFO -     max: 1.0000
2025-12-16 02:07:16,574 - INFO -     count: 1984.0000
2025-12-16 02:07:16,574 - INFO -   bert_f1:
2025-12-16 02:07:16,574 - INFO -     mean: 0.8753
2025-12-16 02:07:16,574 - INFO -     std: 0.0650
2025-12-16 02:07:16,574 - INFO -     median: 0.8619
2025-12-16 02:07:16,574 - INFO -     min: 0.0000
2025-12-16 02:07:16,574 - INFO -     max: 1.0000
2025-12-16 02:07:16,574 - INFO -     count: 1986.0000
2025-12-16 02:07:16,574 - INFO -   meteor:
2025-12-16 02:07:16,574 - INFO -     mean: 0.1795
2025-12-16 02:07:16,574 - INFO -     std: 0.3040
2025-12-16 02:07:16,575 - INFO -     median: 0.0000
2025-12-16 02:07:16,575 - INFO -     min: 0.0000
2025-12-16 02:07:16,575 - INFO -     max: 0.9998
2025-12-16 02:07:16,575 - INFO -     count: 1986.0000
2025-12-16 02:07:16,575 - INFO -   sbert_similarity:
2025-12-16 02:07:16,575 - INFO -     mean: 0.3764
2025-12-16 02:07:16,575 - INFO -     std: 0.3281
2025-12-16 02:07:16,575 - INFO -     median: 0.2350
2025-12-16 02:07:16,575 - INFO -     min: -0.1236
2025-12-16 02:07:16,575 - INFO -     max: 1.0000
2025-12-16 02:07:16,575 - INFO -     count: 1986.0000
2025-12-16 02:07:16,575 - INFO - 
Category 1:
2025-12-16 02:07:16,575 - INFO -   exact_match:
2025-12-16 02:07:16,575 - INFO -     mean: 0.0248
2025-12-16 02:07:16,575 - INFO -     std: 0.1559
2025-12-16 02:07:16,575 - INFO -     median: 0.0000
2025-12-16 02:07:16,575 - INFO -     min: 0.0000
2025-12-16 02:07:16,575 - INFO -     max: 1.0000
2025-12-16 02:07:16,575 - INFO -     count: 282.0000
2025-12-16 02:07:16,575 - INFO -   f1:
2025-12-16 02:07:16,575 - INFO -     mean: 0.1967
2025-12-16 02:07:16,575 - INFO -     std: 0.2651
2025-12-16 02:07:16,575 - INFO -     median: 0.0000
2025-12-16 02:07:16,575 - INFO -     min: 0.0000
2025-12-16 02:07:16,576 - INFO -     max: 1.0000
2025-12-16 02:07:16,576 - INFO -     count: 282.0000
2025-12-16 02:07:16,576 - INFO -   rouge1_f:
2025-12-16 02:07:16,576 - INFO -     mean: 0.2088
2025-12-16 02:07:16,576 - INFO -     std: 0.2689
2025-12-16 02:07:16,576 - INFO -     median: 0.0819
2025-12-16 02:07:16,576 - INFO -     min: 0.0000
2025-12-16 02:07:16,576 - INFO -     max: 1.0000
2025-12-16 02:07:16,576 - INFO -     count: 282.0000
2025-12-16 02:07:16,576 - INFO -   rouge2_f:
2025-12-16 02:07:16,576 - INFO -     mean: 0.0734
2025-12-16 02:07:16,576 - INFO -     std: 0.1792
2025-12-16 02:07:16,576 - INFO -     median: 0.0000
2025-12-16 02:07:16,576 - INFO -     min: 0.0000
2025-12-16 02:07:16,576 - INFO -     max: 1.0000
2025-12-16 02:07:16,576 - INFO -     count: 282.0000
2025-12-16 02:07:16,576 - INFO -   rougeL_f:
2025-12-16 02:07:16,576 - INFO -     mean: 0.1931
2025-12-16 02:07:16,576 - INFO -     std: 0.2582
2025-12-16 02:07:16,576 - INFO -     median: 0.0715
2025-12-16 02:07:16,576 - INFO -     min: 0.0000
2025-12-16 02:07:16,576 - INFO -     max: 1.0000
2025-12-16 02:07:16,576 - INFO -     count: 282.0000
2025-12-16 02:07:16,576 - INFO -   bleu1:
2025-12-16 02:07:16,577 - INFO -     mean: 0.1373
2025-12-16 02:07:16,577 - INFO -     std: 0.2192
2025-12-16 02:07:16,577 - INFO -     median: 0.0184
2025-12-16 02:07:16,577 - INFO -     min: 0.0000
2025-12-16 02:07:16,577 - INFO -     max: 1.0000
2025-12-16 02:07:16,577 - INFO -     count: 282.0000
2025-12-16 02:07:16,577 - INFO -   bleu2:
2025-12-16 02:07:16,577 - INFO -     mean: 0.0834
2025-12-16 02:07:16,577 - INFO -     std: 0.1579
2025-12-16 02:07:16,577 - INFO -     median: 0.0076
2025-12-16 02:07:16,577 - INFO -     min: 0.0000
2025-12-16 02:07:16,577 - INFO -     max: 1.0000
2025-12-16 02:07:16,577 - INFO -     count: 282.0000
2025-12-16 02:07:16,577 - INFO -   bleu3:
2025-12-16 02:07:16,577 - INFO -     mean: 0.0586
2025-12-16 02:07:16,577 - INFO -     std: 0.1248
2025-12-16 02:07:16,577 - INFO -     median: 0.0050
2025-12-16 02:07:16,577 - INFO -     min: 0.0000
2025-12-16 02:07:16,577 - INFO -     max: 1.0000
2025-12-16 02:07:16,577 - INFO -     count: 282.0000
2025-12-16 02:07:16,577 - INFO -   bleu4:
2025-12-16 02:07:16,577 - INFO -     mean: 0.0425
2025-12-16 02:07:16,577 - INFO -     std: 0.0920
2025-12-16 02:07:16,577 - INFO -     median: 0.0042
2025-12-16 02:07:16,578 - INFO -     min: 0.0000
2025-12-16 02:07:16,578 - INFO -     max: 0.7017
2025-12-16 02:07:16,578 - INFO -     count: 282.0000
2025-12-16 02:07:16,578 - INFO -   bert_precision:
2025-12-16 02:07:16,578 - INFO -     mean: 0.8798
2025-12-16 02:07:16,578 - INFO -     std: 0.0541
2025-12-16 02:07:16,578 - INFO -     median: 0.8749
2025-12-16 02:07:16,578 - INFO -     min: 0.7783
2025-12-16 02:07:16,578 - INFO -     max: 1.0000
2025-12-16 02:07:16,578 - INFO -     count: 282.0000
2025-12-16 02:07:16,578 - INFO -   bert_recall:
2025-12-16 02:07:16,578 - INFO -     mean: 0.8597
2025-12-16 02:07:16,578 - INFO -     std: 0.0644
2025-12-16 02:07:16,578 - INFO -     median: 0.8505
2025-12-16 02:07:16,578 - INFO -     min: 0.7068
2025-12-16 02:07:16,578 - INFO -     max: 1.0000
2025-12-16 02:07:16,578 - INFO -     count: 282.0000
2025-12-16 02:07:16,578 - INFO -   bert_f1:
2025-12-16 02:07:16,578 - INFO -     mean: 0.8691
2025-12-16 02:07:16,578 - INFO -     std: 0.0555
2025-12-16 02:07:16,578 - INFO -     median: 0.8547
2025-12-16 02:07:16,578 - INFO -     min: 0.7586
2025-12-16 02:07:16,578 - INFO -     max: 1.0000
2025-12-16 02:07:16,578 - INFO -     count: 282.0000
2025-12-16 02:07:16,579 - INFO -   meteor:
2025-12-16 02:07:16,579 - INFO -     mean: 0.1150
2025-12-16 02:07:16,579 - INFO -     std: 0.1807
2025-12-16 02:07:16,579 - INFO -     median: 0.0000
2025-12-16 02:07:16,579 - INFO -     min: 0.0000
2025-12-16 02:07:16,579 - INFO -     max: 0.9375
2025-12-16 02:07:16,579 - INFO -     count: 282.0000
2025-12-16 02:07:16,579 - INFO -   sbert_similarity:
2025-12-16 02:07:16,579 - INFO -     mean: 0.4294
2025-12-16 02:07:16,579 - INFO -     std: 0.2776
2025-12-16 02:07:16,579 - INFO -     median: 0.4147
2025-12-16 02:07:16,579 - INFO -     min: -0.0207
2025-12-16 02:07:16,579 - INFO -     max: 1.0000
2025-12-16 02:07:16,579 - INFO -     count: 282.0000
2025-12-16 02:07:16,579 - INFO - 
Category 2:
2025-12-16 02:07:16,579 - INFO -   exact_match:
2025-12-16 02:07:16,579 - INFO -     mean: 0.0156
2025-12-16 02:07:16,579 - INFO -     std: 0.1240
2025-12-16 02:07:16,579 - INFO -     median: 0.0000
2025-12-16 02:07:16,579 - INFO -     min: 0.0000
2025-12-16 02:07:16,579 - INFO -     max: 1.0000
2025-12-16 02:07:16,579 - INFO -     count: 321.0000
2025-12-16 02:07:16,579 - INFO -   f1:
2025-12-16 02:07:16,579 - INFO -     mean: 0.1686
2025-12-16 02:07:16,580 - INFO -     std: 0.2774
2025-12-16 02:07:16,580 - INFO -     median: 0.0000
2025-12-16 02:07:16,580 - INFO -     min: 0.0000
2025-12-16 02:07:16,580 - INFO -     max: 1.0000
2025-12-16 02:07:16,580 - INFO -     count: 321.0000
2025-12-16 02:07:16,580 - INFO -   rouge1_f:
2025-12-16 02:07:16,580 - INFO -     mean: 0.1736
2025-12-16 02:07:16,580 - INFO -     std: 0.2784
2025-12-16 02:07:16,580 - INFO -     median: 0.0000
2025-12-16 02:07:16,580 - INFO -     min: 0.0000
2025-12-16 02:07:16,580 - INFO -     max: 1.0000
2025-12-16 02:07:16,580 - INFO -     count: 321.0000
2025-12-16 02:07:16,580 - INFO -   rouge2_f:
2025-12-16 02:07:16,580 - INFO -     mean: 0.0737
2025-12-16 02:07:16,580 - INFO -     std: 0.2062
2025-12-16 02:07:16,580 - INFO -     median: 0.0000
2025-12-16 02:07:16,580 - INFO -     min: 0.0000
2025-12-16 02:07:16,580 - INFO -     max: 1.0000
2025-12-16 02:07:16,580 - INFO -     count: 321.0000
2025-12-16 02:07:16,580 - INFO -   rougeL_f:
2025-12-16 02:07:16,580 - INFO -     mean: 0.1712
2025-12-16 02:07:16,580 - INFO -     std: 0.2742
2025-12-16 02:07:16,580 - INFO -     median: 0.0000
2025-12-16 02:07:16,580 - INFO -     min: 0.0000
2025-12-16 02:07:16,581 - INFO -     max: 1.0000
2025-12-16 02:07:16,581 - INFO -     count: 321.0000
2025-12-16 02:07:16,581 - INFO -   bleu1:
2025-12-16 02:07:16,581 - INFO -     mean: 0.1430
2025-12-16 02:07:16,581 - INFO -     std: 0.2509
2025-12-16 02:07:16,581 - INFO -     median: 0.0000
2025-12-16 02:07:16,581 - INFO -     min: 0.0000
2025-12-16 02:07:16,581 - INFO -     max: 1.0000
2025-12-16 02:07:16,581 - INFO -     count: 321.0000
2025-12-16 02:07:16,581 - INFO -   bleu2:
2025-12-16 02:07:16,581 - INFO -     mean: 0.0990
2025-12-16 02:07:16,581 - INFO -     std: 0.2002
2025-12-16 02:07:16,581 - INFO -     median: 0.0000
2025-12-16 02:07:16,581 - INFO -     min: 0.0000
2025-12-16 02:07:16,581 - INFO -     max: 1.0000
2025-12-16 02:07:16,581 - INFO -     count: 321.0000
2025-12-16 02:07:16,581 - INFO -   bleu3:
2025-12-16 02:07:16,581 - INFO -     mean: 0.0712
2025-12-16 02:07:16,581 - INFO -     std: 0.1663
2025-12-16 02:07:16,581 - INFO -     median: 0.0000
2025-12-16 02:07:16,581 - INFO -     min: 0.0000
2025-12-16 02:07:16,581 - INFO -     max: 1.0000
2025-12-16 02:07:16,581 - INFO -     count: 321.0000
2025-12-16 02:07:16,581 - INFO -   bleu4:
2025-12-16 02:07:16,582 - INFO -     mean: 0.0560
2025-12-16 02:07:16,582 - INFO -     std: 0.1357
2025-12-16 02:07:16,582 - INFO -     median: 0.0000
2025-12-16 02:07:16,582 - INFO -     min: 0.0000
2025-12-16 02:07:16,582 - INFO -     max: 1.0000
2025-12-16 02:07:16,582 - INFO -     count: 321.0000
2025-12-16 02:07:16,582 - INFO -   bert_precision:
2025-12-16 02:07:16,582 - INFO -     mean: 0.8879
2025-12-16 02:07:16,582 - INFO -     std: 0.0568
2025-12-16 02:07:16,582 - INFO -     median: 0.8782
2025-12-16 02:07:16,582 - INFO -     min: 0.7364
2025-12-16 02:07:16,582 - INFO -     max: 1.0000
2025-12-16 02:07:16,582 - INFO -     count: 321.0000
2025-12-16 02:07:16,582 - INFO -   bert_recall:
2025-12-16 02:07:16,582 - INFO -     mean: 0.8571
2025-12-16 02:07:16,582 - INFO -     std: 0.0759
2025-12-16 02:07:16,582 - INFO -     median: 0.8516
2025-12-16 02:07:16,582 - INFO -     min: 0.7313
2025-12-16 02:07:16,582 - INFO -     max: 1.0000
2025-12-16 02:07:16,582 - INFO -     count: 321.0000
2025-12-16 02:07:16,582 - INFO -   bert_f1:
2025-12-16 02:07:16,582 - INFO -     mean: 0.8713
2025-12-16 02:07:16,582 - INFO -     std: 0.0617
2025-12-16 02:07:16,582 - INFO -     median: 0.8587
2025-12-16 02:07:16,583 - INFO -     min: 0.7616
2025-12-16 02:07:16,583 - INFO -     max: 1.0000
2025-12-16 02:07:16,583 - INFO -     count: 321.0000
2025-12-16 02:07:16,583 - INFO -   meteor:
2025-12-16 02:07:16,583 - INFO -     mean: 0.0956
2025-12-16 02:07:16,583 - INFO -     std: 0.1971
2025-12-16 02:07:16,583 - INFO -     median: 0.0000
2025-12-16 02:07:16,583 - INFO -     min: 0.0000
2025-12-16 02:07:16,583 - INFO -     max: 0.9815
2025-12-16 02:07:16,583 - INFO -     count: 321.0000
2025-12-16 02:07:16,583 - INFO -   sbert_similarity:
2025-12-16 02:07:16,583 - INFO -     mean: 0.3896
2025-12-16 02:07:16,583 - INFO -     std: 0.3227
2025-12-16 02:07:16,583 - INFO -     median: 0.2295
2025-12-16 02:07:16,583 - INFO -     min: 0.0247
2025-12-16 02:07:16,583 - INFO -     max: 1.0000
2025-12-16 02:07:16,583 - INFO -     count: 321.0000
2025-12-16 02:07:16,583 - INFO - 
Category 3:
2025-12-16 02:07:16,583 - INFO -   exact_match:
2025-12-16 02:07:16,583 - INFO -     mean: 0.0417
2025-12-16 02:07:16,583 - INFO -     std: 0.2009
2025-12-16 02:07:16,583 - INFO -     median: 0.0000
2025-12-16 02:07:16,583 - INFO -     min: 0.0000
2025-12-16 02:07:16,583 - INFO -     max: 1.0000
2025-12-16 02:07:16,584 - INFO -     count: 96.0000
2025-12-16 02:07:16,584 - INFO -   f1:
2025-12-16 02:07:16,584 - INFO -     mean: 0.1055
2025-12-16 02:07:16,584 - INFO -     std: 0.2354
2025-12-16 02:07:16,584 - INFO -     median: 0.0000
2025-12-16 02:07:16,584 - INFO -     min: 0.0000
2025-12-16 02:07:16,584 - INFO -     max: 1.0000
2025-12-16 02:07:16,584 - INFO -     count: 96.0000
2025-12-16 02:07:16,584 - INFO -   rouge1_f:
2025-12-16 02:07:16,584 - INFO -     mean: 0.1193
2025-12-16 02:07:16,584 - INFO -     std: 0.2398
2025-12-16 02:07:16,584 - INFO -     median: 0.0000
2025-12-16 02:07:16,584 - INFO -     min: 0.0000
2025-12-16 02:07:16,584 - INFO -     max: 1.0000
2025-12-16 02:07:16,584 - INFO -     count: 96.0000
2025-12-16 02:07:16,584 - INFO -   rouge2_f:
2025-12-16 02:07:16,584 - INFO -     mean: 0.0317
2025-12-16 02:07:16,584 - INFO -     std: 0.1493
2025-12-16 02:07:16,584 - INFO -     median: 0.0000
2025-12-16 02:07:16,584 - INFO -     min: 0.0000
2025-12-16 02:07:16,584 - INFO -     max: 1.0000
2025-12-16 02:07:16,584 - INFO -     count: 96.0000
2025-12-16 02:07:16,584 - INFO -   rougeL_f:
2025-12-16 02:07:16,584 - INFO -     mean: 0.1153
2025-12-16 02:07:16,585 - INFO -     std: 0.2378
2025-12-16 02:07:16,585 - INFO -     median: 0.0000
2025-12-16 02:07:16,585 - INFO -     min: 0.0000
2025-12-16 02:07:16,585 - INFO -     max: 1.0000
2025-12-16 02:07:16,585 - INFO -     count: 96.0000
2025-12-16 02:07:16,585 - INFO -   bleu1:
2025-12-16 02:07:16,585 - INFO -     mean: 0.0826
2025-12-16 02:07:16,585 - INFO -     std: 0.2066
2025-12-16 02:07:16,585 - INFO -     median: 0.0000
2025-12-16 02:07:16,585 - INFO -     min: 0.0000
2025-12-16 02:07:16,585 - INFO -     max: 1.0000
2025-12-16 02:07:16,585 - INFO -     count: 96.0000
2025-12-16 02:07:16,585 - INFO -   bleu2:
2025-12-16 02:07:16,585 - INFO -     mean: 0.0434
2025-12-16 02:07:16,585 - INFO -     std: 0.1502
2025-12-16 02:07:16,585 - INFO -     median: 0.0000
2025-12-16 02:07:16,585 - INFO -     min: 0.0000
2025-12-16 02:07:16,585 - INFO -     max: 1.0000
2025-12-16 02:07:16,585 - INFO -     count: 96.0000
2025-12-16 02:07:16,585 - INFO -   bleu3:
2025-12-16 02:07:16,585 - INFO -     mean: 0.0292
2025-12-16 02:07:16,585 - INFO -     std: 0.1158
2025-12-16 02:07:16,585 - INFO -     median: 0.0000
2025-12-16 02:07:16,585 - INFO -     min: 0.0000
2025-12-16 02:07:16,585 - INFO -     max: 1.0000
2025-12-16 02:07:16,586 - INFO -     count: 96.0000
2025-12-16 02:07:16,586 - INFO -   bleu4:
2025-12-16 02:07:16,586 - INFO -     mean: 0.0244
2025-12-16 02:07:16,586 - INFO -     std: 0.1090
2025-12-16 02:07:16,586 - INFO -     median: 0.0000
2025-12-16 02:07:16,586 - INFO -     min: 0.0000
2025-12-16 02:07:16,586 - INFO -     max: 1.0000
2025-12-16 02:07:16,586 - INFO -     count: 96.0000
2025-12-16 02:07:16,586 - INFO -   bert_precision:
2025-12-16 02:07:16,586 - INFO -     mean: 0.8596
2025-12-16 02:07:16,586 - INFO -     std: 0.0519
2025-12-16 02:07:16,586 - INFO -     median: 0.8480
2025-12-16 02:07:16,586 - INFO -     min: 0.7833
2025-12-16 02:07:16,586 - INFO -     max: 1.0000
2025-12-16 02:07:16,586 - INFO -     count: 96.0000
2025-12-16 02:07:16,586 - INFO -   bert_recall:
2025-12-16 02:07:16,586 - INFO -     mean: 0.8576
2025-12-16 02:07:16,586 - INFO -     std: 0.0546
2025-12-16 02:07:16,586 - INFO -     median: 0.8511
2025-12-16 02:07:16,586 - INFO -     min: 0.7436
2025-12-16 02:07:16,586 - INFO -     max: 1.0000
2025-12-16 02:07:16,586 - INFO -     count: 96.0000
2025-12-16 02:07:16,586 - INFO -   bert_f1:
2025-12-16 02:07:16,586 - INFO -     mean: 0.8580
2025-12-16 02:07:16,587 - INFO -     std: 0.0486
2025-12-16 02:07:16,587 - INFO -     median: 0.8496
2025-12-16 02:07:16,587 - INFO -     min: 0.7857
2025-12-16 02:07:16,587 - INFO -     max: 1.0000
2025-12-16 02:07:16,587 - INFO -     count: 96.0000
2025-12-16 02:07:16,587 - INFO -   meteor:
2025-12-16 02:07:16,587 - INFO -     mean: 0.0616
2025-12-16 02:07:16,587 - INFO -     std: 0.1664
2025-12-16 02:07:16,587 - INFO -     median: 0.0000
2025-12-16 02:07:16,587 - INFO -     min: 0.0000
2025-12-16 02:07:16,587 - INFO -     max: 0.9960
2025-12-16 02:07:16,587 - INFO -     count: 96.0000
2025-12-16 02:07:16,587 - INFO -   sbert_similarity:
2025-12-16 02:07:16,587 - INFO -     mean: 0.3417
2025-12-16 02:07:16,587 - INFO -     std: 0.2344
2025-12-16 02:07:16,587 - INFO -     median: 0.2697
2025-12-16 02:07:16,587 - INFO -     min: -0.0505
2025-12-16 02:07:16,587 - INFO -     max: 1.0000
2025-12-16 02:07:16,587 - INFO -     count: 96.0000
2025-12-16 02:07:16,587 - INFO - 
Category 4:
2025-12-16 02:07:16,587 - INFO -   exact_match:
2025-12-16 02:07:16,587 - INFO -     mean: 0.1332
2025-12-16 02:07:16,587 - INFO -     std: 0.3400
2025-12-16 02:07:16,587 - INFO -     median: 0.0000
2025-12-16 02:07:16,588 - INFO -     min: 0.0000
2025-12-16 02:07:16,588 - INFO -     max: 1.0000
2025-12-16 02:07:16,588 - INFO -     count: 841.0000
2025-12-16 02:07:16,588 - INFO -   f1:
2025-12-16 02:07:16,588 - INFO -     mean: 0.3029
2025-12-16 02:07:16,588 - INFO -     std: 0.3759
2025-12-16 02:07:16,588 - INFO -     median: 0.1111
2025-12-16 02:07:16,588 - INFO -     min: 0.0000
2025-12-16 02:07:16,588 - INFO -     max: 1.0000
2025-12-16 02:07:16,588 - INFO -     count: 841.0000
2025-12-16 02:07:16,588 - INFO -   rouge1_f:
2025-12-16 02:07:16,588 - INFO -     mean: 0.3198
2025-12-16 02:07:16,588 - INFO -     std: 0.3789
2025-12-16 02:07:16,588 - INFO -     median: 0.1333
2025-12-16 02:07:16,588 - INFO -     min: 0.0000
2025-12-16 02:07:16,588 - INFO -     max: 1.0000
2025-12-16 02:07:16,588 - INFO -     count: 841.0000
2025-12-16 02:07:16,588 - INFO -   rouge2_f:
2025-12-16 02:07:16,588 - INFO -     mean: 0.2000
2025-12-16 02:07:16,588 - INFO -     std: 0.3473
2025-12-16 02:07:16,588 - INFO -     median: 0.0000
2025-12-16 02:07:16,588 - INFO -     min: 0.0000
2025-12-16 02:07:16,588 - INFO -     max: 1.0000
2025-12-16 02:07:16,588 - INFO -     count: 841.0000
2025-12-16 02:07:16,589 - INFO -   rougeL_f:
2025-12-16 02:07:16,589 - INFO -     mean: 0.3143
2025-12-16 02:07:16,589 - INFO -     std: 0.3781
2025-12-16 02:07:16,589 - INFO -     median: 0.1250
2025-12-16 02:07:16,589 - INFO -     min: 0.0000
2025-12-16 02:07:16,589 - INFO -     max: 1.0000
2025-12-16 02:07:16,589 - INFO -     count: 841.0000
2025-12-16 02:07:16,589 - INFO -   bleu1:
2025-12-16 02:07:16,589 - INFO -     mean: 0.2623
2025-12-16 02:07:16,589 - INFO -     std: 0.3572
2025-12-16 02:07:16,589 - INFO -     median: 0.0667
2025-12-16 02:07:16,589 - INFO -     min: 0.0000
2025-12-16 02:07:16,589 - INFO -     max: 1.0000
2025-12-16 02:07:16,589 - INFO -     count: 841.0000
2025-12-16 02:07:16,589 - INFO -   bleu2:
2025-12-16 02:07:16,589 - INFO -     mean: 0.2018
2025-12-16 02:07:16,589 - INFO -     std: 0.3200
2025-12-16 02:07:16,589 - INFO -     median: 0.0215
2025-12-16 02:07:16,589 - INFO -     min: 0.0000
2025-12-16 02:07:16,589 - INFO -     max: 1.0000
2025-12-16 02:07:16,589 - INFO -     count: 841.0000
2025-12-16 02:07:16,589 - INFO -   bleu3:
2025-12-16 02:07:16,589 - INFO -     mean: 0.1576
2025-12-16 02:07:16,589 - INFO -     std: 0.2742
2025-12-16 02:07:16,590 - INFO -     median: 0.0150
2025-12-16 02:07:16,590 - INFO -     min: 0.0000
2025-12-16 02:07:16,590 - INFO -     max: 1.0000
2025-12-16 02:07:16,590 - INFO -     count: 841.0000
2025-12-16 02:07:16,590 - INFO -   bleu4:
2025-12-16 02:07:16,590 - INFO -     mean: 0.1254
2025-12-16 02:07:16,590 - INFO -     std: 0.2318
2025-12-16 02:07:16,590 - INFO -     median: 0.0123
2025-12-16 02:07:16,590 - INFO -     min: 0.0000
2025-12-16 02:07:16,590 - INFO -     max: 1.0000
2025-12-16 02:07:16,590 - INFO -     count: 841.0000
2025-12-16 02:07:16,590 - INFO -   bert_precision:
2025-12-16 02:07:16,590 - INFO -     mean: 0.8894
2025-12-16 02:07:16,590 - INFO -     std: 0.0609
2025-12-16 02:07:16,590 - INFO -     median: 0.8754
2025-12-16 02:07:16,590 - INFO -     min: 0.7588
2025-12-16 02:07:16,590 - INFO -     max: 1.0000
2025-12-16 02:07:16,590 - INFO -     count: 839.0000
2025-12-16 02:07:16,590 - INFO -   bert_recall:
2025-12-16 02:07:16,590 - INFO -     mean: 0.8814
2025-12-16 02:07:16,590 - INFO -     std: 0.0700
2025-12-16 02:07:16,590 - INFO -     median: 0.8647
2025-12-16 02:07:16,590 - INFO -     min: 0.6958
2025-12-16 02:07:16,590 - INFO -     max: 1.0000
2025-12-16 02:07:16,590 - INFO -     count: 839.0000
2025-12-16 02:07:16,591 - INFO -   bert_f1:
2025-12-16 02:07:16,591 - INFO -     mean: 0.8828
2025-12-16 02:07:16,591 - INFO -     std: 0.0760
2025-12-16 02:07:16,591 - INFO -     median: 0.8658
2025-12-16 02:07:16,591 - INFO -     min: 0.0000
2025-12-16 02:07:16,591 - INFO -     max: 1.0000
2025-12-16 02:07:16,591 - INFO -     count: 841.0000
2025-12-16 02:07:16,591 - INFO -   meteor:
2025-12-16 02:07:16,591 - INFO -     mean: 0.2686
2025-12-16 02:07:16,591 - INFO -     std: 0.3515
2025-12-16 02:07:16,591 - INFO -     median: 0.0735
2025-12-16 02:07:16,591 - INFO -     min: 0.0000
2025-12-16 02:07:16,591 - INFO -     max: 0.9995
2025-12-16 02:07:16,591 - INFO -     count: 841.0000
2025-12-16 02:07:16,591 - INFO -   sbert_similarity:
2025-12-16 02:07:16,591 - INFO -     mean: 0.4462
2025-12-16 02:07:16,591 - INFO -     std: 0.3344
2025-12-16 02:07:16,591 - INFO -     median: 0.3415
2025-12-16 02:07:16,591 - INFO -     min: -0.1236
2025-12-16 02:07:16,591 - INFO -     max: 1.0000
2025-12-16 02:07:16,591 - INFO -     count: 841.0000
2025-12-16 02:07:16,591 - INFO - 
Category 5:
2025-12-16 02:07:16,591 - INFO -   exact_match:
2025-12-16 02:07:16,592 - INFO -     mean: 0.1143
2025-12-16 02:07:16,592 - INFO -     std: 0.3186
2025-12-16 02:07:16,592 - INFO -     median: 0.0000
2025-12-16 02:07:16,592 - INFO -     min: 0.0000
2025-12-16 02:07:16,592 - INFO -     max: 1.0000
2025-12-16 02:07:16,592 - INFO -     count: 446.0000
2025-12-16 02:07:16,592 - INFO -   f1:
2025-12-16 02:07:16,592 - INFO -     mean: 0.1528
2025-12-16 02:07:16,592 - INFO -     std: 0.3244
2025-12-16 02:07:16,592 - INFO -     median: 0.0000
2025-12-16 02:07:16,592 - INFO -     min: 0.0000
2025-12-16 02:07:16,592 - INFO -     max: 1.0000
2025-12-16 02:07:16,592 - INFO -     count: 446.0000
2025-12-16 02:07:16,592 - INFO -   rouge1_f:
2025-12-16 02:07:16,592 - INFO -     mean: 0.1551
2025-12-16 02:07:16,592 - INFO -     std: 0.3258
2025-12-16 02:07:16,592 - INFO -     median: 0.0000
2025-12-16 02:07:16,592 - INFO -     min: 0.0000
2025-12-16 02:07:16,592 - INFO -     max: 1.0000
2025-12-16 02:07:16,592 - INFO -     count: 446.0000
2025-12-16 02:07:16,592 - INFO -   rouge2_f:
2025-12-16 02:07:16,592 - INFO -     mean: 0.1155
2025-12-16 02:07:16,592 - INFO -     std: 0.3091
2025-12-16 02:07:16,592 - INFO -     median: 0.0000
2025-12-16 02:07:16,593 - INFO -     min: 0.0000
2025-12-16 02:07:16,593 - INFO -     max: 1.0000
2025-12-16 02:07:16,593 - INFO -     count: 446.0000
2025-12-16 02:07:16,593 - INFO -   rougeL_f:
2025-12-16 02:07:16,593 - INFO -     mean: 0.1539
2025-12-16 02:07:16,593 - INFO -     std: 0.3252
2025-12-16 02:07:16,593 - INFO -     median: 0.0000
2025-12-16 02:07:16,593 - INFO -     min: 0.0000
2025-12-16 02:07:16,593 - INFO -     max: 1.0000
2025-12-16 02:07:16,593 - INFO -     count: 446.0000
2025-12-16 02:07:16,593 - INFO -   bleu1:
2025-12-16 02:07:16,593 - INFO -     mean: 0.1430
2025-12-16 02:07:16,593 - INFO -     std: 0.3197
2025-12-16 02:07:16,593 - INFO -     median: 0.0000
2025-12-16 02:07:16,593 - INFO -     min: 0.0000
2025-12-16 02:07:16,593 - INFO -     max: 1.0000
2025-12-16 02:07:16,593 - INFO -     count: 446.0000
2025-12-16 02:07:16,593 - INFO -   bleu2:
2025-12-16 02:07:16,593 - INFO -     mean: 0.1196
2025-12-16 02:07:16,593 - INFO -     std: 0.3001
2025-12-16 02:07:16,593 - INFO -     median: 0.0000
2025-12-16 02:07:16,593 - INFO -     min: 0.0000
2025-12-16 02:07:16,593 - INFO -     max: 1.0000
2025-12-16 02:07:16,593 - INFO -     count: 446.0000
2025-12-16 02:07:16,594 - INFO -   bleu3:
2025-12-16 02:07:16,594 - INFO -     mean: 0.1046
2025-12-16 02:07:16,594 - INFO -     std: 0.2781
2025-12-16 02:07:16,594 - INFO -     median: 0.0000
2025-12-16 02:07:16,594 - INFO -     min: 0.0000
2025-12-16 02:07:16,594 - INFO -     max: 1.0000
2025-12-16 02:07:16,594 - INFO -     count: 446.0000
2025-12-16 02:07:16,594 - INFO -   bleu4:
2025-12-16 02:07:16,594 - INFO -     mean: 0.0863
2025-12-16 02:07:16,594 - INFO -     std: 0.2402
2025-12-16 02:07:16,594 - INFO -     median: 0.0000
2025-12-16 02:07:16,594 - INFO -     min: 0.0000
2025-12-16 02:07:16,594 - INFO -     max: 1.0000
2025-12-16 02:07:16,594 - INFO -     count: 446.0000
2025-12-16 02:07:16,594 - INFO -   bert_precision:
2025-12-16 02:07:16,594 - INFO -     mean: 0.8836
2025-12-16 02:07:16,594 - INFO -     std: 0.0439
2025-12-16 02:07:16,594 - INFO -     median: 0.8724
2025-12-16 02:07:16,594 - INFO -     min: 0.8026
2025-12-16 02:07:16,594 - INFO -     max: 1.0000
2025-12-16 02:07:16,594 - INFO -     count: 446.0000
2025-12-16 02:07:16,594 - INFO -   bert_recall:
2025-12-16 02:07:16,594 - INFO -     mean: 0.8611
2025-12-16 02:07:16,594 - INFO -     std: 0.0608
2025-12-16 02:07:16,594 - INFO -     median: 0.8491
2025-12-16 02:07:16,595 - INFO -     min: 0.7196
2025-12-16 02:07:16,595 - INFO -     max: 1.0000
2025-12-16 02:07:16,595 - INFO -     count: 446.0000
2025-12-16 02:07:16,595 - INFO -   bert_f1:
2025-12-16 02:07:16,595 - INFO -     mean: 0.8718
2025-12-16 02:07:16,595 - INFO -     std: 0.0502
2025-12-16 02:07:16,595 - INFO -     median: 0.8621
2025-12-16 02:07:16,595 - INFO -     min: 0.7832
2025-12-16 02:07:16,595 - INFO -     max: 1.0000
2025-12-16 02:07:16,595 - INFO -     count: 446.0000
2025-12-16 02:07:16,595 - INFO -   meteor:
2025-12-16 02:07:16,595 - INFO -     mean: 0.1378
2025-12-16 02:07:16,595 - INFO -     std: 0.3116
2025-12-16 02:07:16,595 - INFO -     median: 0.0000
2025-12-16 02:07:16,595 - INFO -     min: 0.0000
2025-12-16 02:07:16,595 - INFO -     max: 0.9998
2025-12-16 02:07:16,595 - INFO -     count: 446.0000
2025-12-16 02:07:16,595 - INFO -   sbert_similarity:
2025-12-16 02:07:16,595 - INFO -     mean: 0.2091
2025-12-16 02:07:16,595 - INFO -     std: 0.3073
2025-12-16 02:07:16,595 - INFO -     median: 0.0983
2025-12-16 02:07:16,595 - INFO -     min: -0.0959
2025-12-16 02:07:16,595 - INFO -     max: 1.0000
2025-12-16 02:07:16,595 - INFO -     count: 446.0000
